<?xml version="1.0" encoding="UTF-8"?>
<!-- Generated by org.testng.reporters.JUnitReportReporter -->
<testsuite skipped="0" hostname="IBM877-PC09E7E8" name="com.training.sanity.tests.CYTC_018_Admin_MemberLoans_GrantLoan_Test" tests="1" failures="0" timestamp="27 Feb 2019 14:58:19 GMT" time="3.520" errors="0">
  <testcase name="memberGrantLoanTest" time="3.520" classname="com.training.sanity.tests.CYTC_018_Admin_MemberLoans_GrantLoan_Test"/>
</testsuite> <!-- com.training.sanity.tests.CYTC_018_Admin_MemberLoans_GrantLoan_Test -->
