<?xml version="1.0" encoding="UTF-8"?>
<!-- Generated by org.testng.reporters.JUnitReportReporter -->
<testsuite skipped="0" hostname="IBM877-PC09E7E8" name="com.training.sanity.tests.CYTC_047_Member_ViewScheduledpayment_Test" tests="2" failures="0" timestamp="27 Feb 2019 10:05:54 GMT" time="5.692" errors="0">
  <testcase name="scheduledpaymentsDetails" time="4.381" classname="com.training.sanity.tests.CYTC_047_Member_ViewScheduledpayment_Test"/>
  <testcase name="scheduledpayments" time="1.311" classname="com.training.sanity.tests.CYTC_047_Member_ViewScheduledpayment_Test"/>
</testsuite> <!-- com.training.sanity.tests.CYTC_047_Member_ViewScheduledpayment_Test -->
