<?xml version="1.0" encoding="UTF-8"?>
<!-- Generated by org.testng.reporters.JUnitReportReporter -->
<testsuite skipped="0" hostname="IBM877-PC09E7E8" name="com.training.sanity.tests.CYTC_019_Admin_MemberLoans_ViewLoans_Test" tests="1" failures="0" timestamp="27 Feb 2019 14:58:40 GMT" time="3.387" errors="0">
  <testcase name="memberViewLoansTest" time="3.387" classname="com.training.sanity.tests.CYTC_019_Admin_MemberLoans_ViewLoans_Test"/>
</testsuite> <!-- com.training.sanity.tests.CYTC_019_Admin_MemberLoans_ViewLoans_Test -->
