<?xml version="1.0" encoding="UTF-8"?>
<!-- Generated by org.testng.reporters.JUnitReportReporter -->
<testsuite skipped="0" hostname="IBM877-PC09E7E8" name="com.training.sanity.tests.CYTC_017_Admin_MemberAccounts_PaymenSystemToMember_Test" tests="1" failures="0" timestamp="27 Feb 2019 14:57:43 GMT" time="3.682" errors="0">
  <testcase name="memberPaymentSystemTest" time="3.682" classname="com.training.sanity.tests.CYTC_017_Admin_MemberAccounts_PaymenSystemToMember_Test"/>
</testsuite> <!-- com.training.sanity.tests.CYTC_017_Admin_MemberAccounts_PaymenSystemToMember_Test -->
