<?xml version="1.0" encoding="UTF-8"?>
<!-- Generated by org.testng.reporters.JUnitReportReporter -->
<testsuite skipped="0" hostname="IBM877-PC09E7E8" name="com.training.sanity.tests.CYTC_046_Member_FilterTransaction_Test" tests="2" failures="0" timestamp="27 Feb 2019 13:29:02 GMT" time="18.177" errors="0">
  <testcase name="filterTransactionDetails" time="15.964" classname="com.training.sanity.tests.CYTC_046_Member_FilterTransaction_Test"/>
  <testcase name="filterTypebasedTransaction" time="2.213" classname="com.training.sanity.tests.CYTC_046_Member_FilterTransaction_Test"/>
</testsuite> <!-- com.training.sanity.tests.CYTC_046_Member_FilterTransaction_Test -->
