<?xml version="1.0" encoding="UTF-8"?>
<!-- Generated by org.testng.reporters.JUnitReportReporter -->
<testsuite skipped="0" hostname="IBM877-PC09E7E8" name="com.training.sanity.tests.CYTC_080_Member_InvalidPaymentTo_MultiMember_Test" tests="3" failures="0" timestamp="08 Mar 2019 11:52:20 GMT" time="9.829" errors="0">
  <testcase name="makePayment" time="3.714" classname="com.training.sanity.tests.CYTC_080_Member_InvalidPaymentTo_MultiMember_Test"/>
  <testcase name="makePayment" time="2.476" classname="com.training.sanity.tests.CYTC_080_Member_InvalidPaymentTo_MultiMember_Test"/>
  <testcase name="makePayment" time="3.639" classname="com.training.sanity.tests.CYTC_080_Member_InvalidPaymentTo_MultiMember_Test"/>
</testsuite> <!-- com.training.sanity.tests.CYTC_080_Member_InvalidPaymentTo_MultiMember_Test -->
