<?xml version="1.0" encoding="UTF-8"?>
<!-- Generated by org.testng.reporters.JUnitReportReporter -->
<testsuite skipped="0" hostname="IBM877-PC09E7E8" name="com.training.sanity.tests.CYTC_050_Member_AddContactandMakePayment_Test" tests="2" failures="0" timestamp="27 Feb 2019 11:25:07 GMT" time="5.811" errors="0">
  <testcase name="addAccount" time="2.765" classname="com.training.sanity.tests.CYTC_050_Member_AddContactandMakePayment_Test"/>
  <testcase name="makePayment" time="3.046" classname="com.training.sanity.tests.CYTC_050_Member_AddContactandMakePayment_Test"/>
</testsuite> <!-- com.training.sanity.tests.CYTC_050_Member_AddContactandMakePayment_Test -->
