<?xml version="1.0" encoding="UTF-8"?>
<!-- Generated by org.testng.reporters.JUnitReportReporter -->
<testsuite skipped="0" hostname="IBM877-PC09E7E8" name="com.training.sanity.tests.CYTC_078_E2E_Admin_GrantLoan_Member_Repay_Test" tests="2" failures="0" timestamp="10 Mar 2019 18:14:38 GMT" time="9.337" errors="0">
  <testcase name="memberGrantLoanTest" time="6.063" classname="com.training.sanity.tests.CYTC_078_E2E_Admin_GrantLoan_Member_Repay_Test"/>
  <testcase name="memberViewLoansTest" time="3.274" classname="com.training.sanity.tests.CYTC_078_E2E_Admin_GrantLoan_Member_Repay_Test"/>
</testsuite> <!-- com.training.sanity.tests.CYTC_078_E2E_Admin_GrantLoan_Member_Repay_Test -->
