<?xml version="1.0" encoding="UTF-8"?>
<!-- Generated by org.testng.reporters.JUnitReportReporter -->
<testsuite skipped="0" hostname="IBM877-PC09E7E8" name="com.training.sanity.tests.CYTC_049_Member_ViewMessageFromMember_Test" tests="2" failures="0" timestamp="27 Feb 2019 10:31:04 GMT" time="7.095" errors="0">
  <testcase name="sendMessageToMember" time="4.612" classname="com.training.sanity.tests.CYTC_049_Member_ViewMessageFromMember_Test"/>
  <testcase name="MessageDetails" time="2.483" classname="com.training.sanity.tests.CYTC_049_Member_ViewMessageFromMember_Test"/>
</testsuite> <!-- com.training.sanity.tests.CYTC_049_Member_ViewMessageFromMember_Test -->
