<?xml version="1.0" encoding="UTF-8"?>
<!-- Generated by org.testng.reporters.JUnitReportReporter -->
<testsuite skipped="0" hostname="IBM877-PC09E7E8" name="com.training.sanity.tests.CYTC_048_Member_FilterMessage_Test" tests="3" failures="0" timestamp="27 Feb 2019 13:47:50 GMT" time="5.766" errors="0">
  <testcase name="filterToAdminMessage" time="2.519" classname="com.training.sanity.tests.CYTC_048_Member_FilterMessage_Test"/>
  <testcase name="filterFromAdminMessage" time="1.302" classname="com.training.sanity.tests.CYTC_048_Member_FilterMessage_Test"/>
  <testcase name="filterAllinboxMessage" time="1.945" classname="com.training.sanity.tests.CYTC_048_Member_FilterMessage_Test"/>
</testsuite> <!-- com.training.sanity.tests.CYTC_048_Member_FilterMessage_Test -->
