<?xml version="1.0" encoding="UTF-8"?>
<!-- Generated by org.testng.reporters.JUnitReportReporter -->
<testsuite skipped="0" hostname="IBM877-PC09E7E8" name="com.training.regression.tests.LoginDBTest" tests="1" failures="0" timestamp="06 Mar 2019 02:35:35 GMT" time="43.168" errors="0">
  <testcase name="loginDBTest" time="43.168" classname="com.training.regression.tests.LoginDBTest"/>
</testsuite> <!-- com.training.regression.tests.LoginDBTest -->
