<?xml version="1.0" encoding="UTF-8"?>
<!-- Generated by org.testng.reporters.JUnitReportReporter -->
<testsuite skipped="0" hostname="IBM877-PC09E7E8" name="com.training.sanity.tests.CYTC_020_Member_AccountInformation_Test" tests="1" failures="0" timestamp="27 Feb 2019 14:59:06 GMT" time="2.919" errors="0">
  <testcase name="memberAccountInformationTest" time="2.919" classname="com.training.sanity.tests.CYTC_020_Member_AccountInformation_Test"/>
</testsuite> <!-- com.training.sanity.tests.CYTC_020_Member_AccountInformation_Test -->
