<?xml version="1.0" encoding="UTF-8"?>
<!-- Generated by org.testng.reporters.JUnitReportReporter -->
<testsuite skipped="0" hostname="IBM877-PC09E7E8" name="com.training.sanity.tests.CYTC_019_Admin_MemberLoans_ViewLoans_Test" tests="1" failures="0" timestamp="18 Feb 2019 15:15:54 GMT" time="4.871" errors="0">
  <testcase name="memberViewLoansTest" time="4.871" classname="com.training.sanity.tests.CYTC_019_Admin_MemberLoans_ViewLoans_Test"/>
</testsuite> <!-- com.training.sanity.tests.CYTC_019_Admin_MemberLoans_ViewLoans_Test -->
