<?xml version="1.0" encoding="UTF-8"?>
<!-- Generated by org.testng.reporters.JUnitReportReporter -->
<testsuite skipped="0" hostname="IBM877-PC09E7E8" name="com.training.sanity.tests.CYTC_016_Admin_MemberAccounts_Accountinformation_Test" tests="1" failures="0" timestamp="18 Feb 2019 15:30:50 GMT" time="2.579" errors="0">
  <testcase name="memberAccountInfoTest" time="2.579" classname="com.training.sanity.tests.CYTC_016_Admin_MemberAccounts_Accountinformation_Test"/>
</testsuite> <!-- com.training.sanity.tests.CYTC_016_Admin_MemberAccounts_Accountinformation_Test -->
